2023-07-30 16:47:02 +1000 - dagster - DEBUG - __ASSET_JOB - 79dc67fe-1488-4663-9e23-adcc81b12bd3 - 61615 - LOGS_CAPTURED - Started capturing logs in process (pid: 61615).
2023-07-30 16:47:02 +1000 - dagster - DEBUG - __ASSET_JOB - 79dc67fe-1488-4663-9e23-adcc81b12bd3 - 61615 - collect_trip_data_from_links - STEP_START - Started execution of step "collect_trip_data_from_links".
2023-07-30 16:47:02 +1000 - dagster - DEBUG - __ASSET_JOB - 79dc67fe-1488-4663-9e23-adcc81b12bd3 - collect_trip_data_from_links - Loading file from: /Users/noel/Projects/Personal/Ingestion/tlc-dagster-s3/dagster/tmphq6axlrj/storage/get_trip_data_links using PickledObjectFilesystemIOManager...
2023-07-30 16:47:02 +1000 - dagster - DEBUG - __ASSET_JOB - 79dc67fe-1488-4663-9e23-adcc81b12bd3 - 61615 - collect_trip_data_from_links - ASSET_OBSERVATION - ASSET_OBSERVATION for step collect_trip_data_from_links
2023-07-30 16:47:02 +1000 - dagster - DEBUG - __ASSET_JOB - 79dc67fe-1488-4663-9e23-adcc81b12bd3 - 61615 - collect_trip_data_from_links - LOADED_INPUT - Loaded input "links" using input manager "io_manager", from output "result" of step "get_trip_data_links"
2023-07-30 16:47:02 +1000 - dagster - DEBUG - __ASSET_JOB - 79dc67fe-1488-4663-9e23-adcc81b12bd3 - 61615 - collect_trip_data_from_links - STEP_INPUT - Got input "links" of type "dict". (Type check passed).
2023-07-30 16:47:02 +1000 - dagster - INFO - __ASSET_JOB - 79dc67fe-1488-4663-9e23-adcc81b12bd3 - collect_trip_data_from_links - Collecting data from yellow links
2023-07-30 16:47:02 +1000 - dagster - DEBUG - __ASSET_JOB - 79dc67fe-1488-4663-9e23-adcc81b12bd3 - collect_trip_data_from_links - Reading from https://d37ci6vzurychx.cloudfront.net/trip-data/yellow_tripdata_2023-01.parquet
2023-07-30 16:47:08 +1000 - dagster - INFO - __ASSET_JOB - 79dc67fe-1488-4663-9e23-adcc81b12bd3 - collect_trip_data_from_links - Found 3,066,766 rows
2023-07-30 16:47:41 +1000 - dagster - DEBUG - __ASSET_JOB - 79dc67fe-1488-4663-9e23-adcc81b12bd3 - collect_trip_data_from_links - Reading from https://d37ci6vzurychx.cloudfront.net/trip-data/yellow_tripdata_2023-02.parquet
2023-07-30 16:47:46 +1000 - dagster - INFO - __ASSET_JOB - 79dc67fe-1488-4663-9e23-adcc81b12bd3 - collect_trip_data_from_links - Found 2,913,955 rows
2023-07-30 16:48:17 +1000 - dagster - DEBUG - __ASSET_JOB - 79dc67fe-1488-4663-9e23-adcc81b12bd3 - collect_trip_data_from_links - Reading from https://d37ci6vzurychx.cloudfront.net/trip-data/yellow_tripdata_2023-03.parquet
2023-07-30 16:48:23 +1000 - dagster - INFO - __ASSET_JOB - 79dc67fe-1488-4663-9e23-adcc81b12bd3 - collect_trip_data_from_links - Found 3,403,766 rows
2023-07-30 16:48:58 +1000 - dagster - DEBUG - __ASSET_JOB - 79dc67fe-1488-4663-9e23-adcc81b12bd3 - collect_trip_data_from_links - Reading from https://d37ci6vzurychx.cloudfront.net/trip-data/yellow_tripdata_2023-04.parquet
2023-07-30 16:49:04 +1000 - dagster - INFO - __ASSET_JOB - 79dc67fe-1488-4663-9e23-adcc81b12bd3 - collect_trip_data_from_links - Found 3,288,250 rows
2023-07-30 16:49:39 +1000 - dagster - ERROR - __ASSET_JOB - 79dc67fe-1488-4663-9e23-adcc81b12bd3 - 61615 - collect_trip_data_from_links - STEP_FAILURE - Execution of step "collect_trip_data_from_links" failed.

dagster._core.errors.DagsterExecutionInterruptedError

Stack Trace:
  File "/Users/noel/Projects/Personal/Ingestion/tlc-dagster-s3/venv/lib/python3.9/site-packages/dagster/_core/execution/plan/execute_plan.py", line 273, in dagster_event_sequence_for_step
    for step_event in check.generator(step_events):
  File "/Users/noel/Projects/Personal/Ingestion/tlc-dagster-s3/venv/lib/python3.9/site-packages/dagster/_core/execution/plan/execute_step.py", line 369, in core_dagster_event_sequence_for_step
    for user_event in check.generator(
  File "/Users/noel/Projects/Personal/Ingestion/tlc-dagster-s3/venv/lib/python3.9/site-packages/dagster/_core/execution/plan/execute_step.py", line 90, in _step_output_error_checked_user_event_sequence
    for user_event in user_event_sequence:
  File "/Users/noel/Projects/Personal/Ingestion/tlc-dagster-s3/venv/lib/python3.9/site-packages/dagster/_core/execution/plan/compute.py", line 192, in execute_core_compute
    for step_output in _yield_compute_results(step_context, inputs, compute_fn):
  File "/Users/noel/Projects/Personal/Ingestion/tlc-dagster-s3/venv/lib/python3.9/site-packages/dagster/_core/execution/plan/compute.py", line 161, in _yield_compute_results
    for event in iterate_with_context(
  File "/Users/noel/Projects/Personal/Ingestion/tlc-dagster-s3/venv/lib/python3.9/site-packages/dagster/_utils/__init__.py", line 445, in iterate_with_context
    next_output = next(iterator)
  File "/Users/noel/Projects/Personal/Ingestion/tlc-dagster-s3/venv/lib/python3.9/site-packages/dagster/_core/execution/plan/compute_generator.py", line 124, in _coerce_op_compute_fn_to_iterator
    result = invoke_compute_fn(
  File "/Users/noel/Projects/Personal/Ingestion/tlc-dagster-s3/venv/lib/python3.9/site-packages/dagster/_core/execution/plan/compute_generator.py", line 118, in invoke_compute_fn
    return fn(context, **args_to_pass) if context_arg_provided else fn(**args_to_pass)
  File "/Users/noel/Projects/Personal/Ingestion/tlc-dagster-s3/dagster/pipeline/assets.py", line 90, in collect_trip_data_from_links
    context.log.debug(f'Writing to {s3_url}')
  File "/Users/noel/Projects/Personal/Ingestion/tlc-dagster-s3/venv/lib/python3.9/site-packages/pandas/core/frame.py", line 2889, in to_parquet
    return to_parquet(
  File "/Users/noel/Projects/Personal/Ingestion/tlc-dagster-s3/venv/lib/python3.9/site-packages/pandas/io/parquet.py", line 411, in to_parquet
    impl.write(
  File "/Users/noel/Projects/Personal/Ingestion/tlc-dagster-s3/venv/lib/python3.9/site-packages/pandas/io/parquet.py", line 189, in write
    self.api.parquet.write_table(
  File "/Users/noel/Projects/Personal/Ingestion/tlc-dagster-s3/venv/lib/python3.9/site-packages/pyarrow/parquet/core.py", line 3106, in write_table
    writer.write_table(table, row_group_size=row_group_size)
  File "/Users/noel/Projects/Personal/Ingestion/tlc-dagster-s3/venv/lib/python3.9/site-packages/pyarrow/parquet/core.py", line 1092, in write_table
    self.writer.write_table(table, row_group_size=row_group_size)
  File "pyarrow/_parquet.pyx", line 1777, in pyarrow._parquet.ParquetWriter.write_table
  File "/Users/noel/Projects/Personal/Ingestion/tlc-dagster-s3/venv/lib/python3.9/site-packages/fsspec/spec.py", line 1706, in write
    self.flush()
  File "/Users/noel/Projects/Personal/Ingestion/tlc-dagster-s3/venv/lib/python3.9/site-packages/fsspec/spec.py", line 1747, in flush
    if self._upload_chunk(final=force) is not False:
  File "/Users/noel/Projects/Personal/Ingestion/tlc-dagster-s3/venv/lib/python3.9/site-packages/s3fs/core.py", line 2238, in _upload_chunk
    out = self._call_s3(
  File "/Users/noel/Projects/Personal/Ingestion/tlc-dagster-s3/venv/lib/python3.9/site-packages/s3fs/core.py", line 2117, in _call_s3
    return self.fs.call_s3(method, self.s3_additional_kwargs, *kwarglist, **kwargs)
  File "/Users/noel/Projects/Personal/Ingestion/tlc-dagster-s3/venv/lib/python3.9/site-packages/fsspec/asyn.py", line 121, in wrapper
    return sync(self.loop, func, *args, **kwargs)
  File "/Users/noel/Projects/Personal/Ingestion/tlc-dagster-s3/venv/lib/python3.9/site-packages/fsspec/asyn.py", line 94, in sync
    if event.wait(1):
  File "/Library/Developer/CommandLineTools/Library/Frameworks/Python3.framework/Versions/3.9/lib/python3.9/threading.py", line 574, in wait
    signaled = self._cond.wait(timeout)
  File "/Library/Developer/CommandLineTools/Library/Frameworks/Python3.framework/Versions/3.9/lib/python3.9/threading.py", line 316, in wait
    gotit = waiter.acquire(True, timeout)
  File "/Users/noel/Projects/Personal/Ingestion/tlc-dagster-s3/venv/lib/python3.9/site-packages/dagster/_utils/interrupts.py", line 82, in _new_signal_handler
    raise error_cls()

