2023-07-30 17:02:14 +1000 - dagster - DEBUG - __ASSET_JOB - e8fa0585-b2a8-4ae5-af63-d5a6ba5ecb01 - 61823 - LOGS_CAPTURED - Started capturing logs in process (pid: 61823).
2023-07-30 17:02:14 +1000 - dagster - DEBUG - __ASSET_JOB - e8fa0585-b2a8-4ae5-af63-d5a6ba5ecb01 - 61823 - collect_trip_data_from_links - STEP_START - Started execution of step "collect_trip_data_from_links".
2023-07-30 17:02:14 +1000 - dagster - DEBUG - __ASSET_JOB - e8fa0585-b2a8-4ae5-af63-d5a6ba5ecb01 - collect_trip_data_from_links - Loading file from: /Users/noel/Projects/Personal/Ingestion/tlc-dagster-s3/dagster/tmphq6axlrj/storage/get_trip_data_links using PickledObjectFilesystemIOManager...
2023-07-30 17:02:14 +1000 - dagster - DEBUG - __ASSET_JOB - e8fa0585-b2a8-4ae5-af63-d5a6ba5ecb01 - 61823 - collect_trip_data_from_links - ASSET_OBSERVATION - ASSET_OBSERVATION for step collect_trip_data_from_links
2023-07-30 17:02:14 +1000 - dagster - DEBUG - __ASSET_JOB - e8fa0585-b2a8-4ae5-af63-d5a6ba5ecb01 - 61823 - collect_trip_data_from_links - LOADED_INPUT - Loaded input "links" using input manager "io_manager", from output "result" of step "get_trip_data_links"
2023-07-30 17:02:14 +1000 - dagster - DEBUG - __ASSET_JOB - e8fa0585-b2a8-4ae5-af63-d5a6ba5ecb01 - 61823 - collect_trip_data_from_links - STEP_INPUT - Got input "links" of type "dict". (Type check passed).
2023-07-30 17:02:14 +1000 - dagster - INFO - __ASSET_JOB - e8fa0585-b2a8-4ae5-af63-d5a6ba5ecb01 - collect_trip_data_from_links - Collecting data from yellow links
2023-07-30 17:02:14 +1000 - dagster - DEBUG - __ASSET_JOB - e8fa0585-b2a8-4ae5-af63-d5a6ba5ecb01 - collect_trip_data_from_links - Reading from https://d37ci6vzurychx.cloudfront.net/trip-data/yellow_tripdata_2023-01.parquet
2023-07-30 17:02:20 +1000 - dagster - INFO - __ASSET_JOB - e8fa0585-b2a8-4ae5-af63-d5a6ba5ecb01 - collect_trip_data_from_links - Found 3,066,766 rows
2023-07-30 17:02:20 +1000 - dagster - DEBUG - __ASSET_JOB - e8fa0585-b2a8-4ae5-af63-d5a6ba5ecb01 - collect_trip_data_from_links - Writing to s3://app-dev-apse2-tlc-dagster/trips/yellow_tripdata_2023-01.parquet
2023-07-30 17:02:52 +1000 - dagster - DEBUG - __ASSET_JOB - e8fa0585-b2a8-4ae5-af63-d5a6ba5ecb01 - collect_trip_data_from_links - Reading from https://d37ci6vzurychx.cloudfront.net/trip-data/yellow_tripdata_2023-02.parquet
2023-07-30 17:02:58 +1000 - dagster - INFO - __ASSET_JOB - e8fa0585-b2a8-4ae5-af63-d5a6ba5ecb01 - collect_trip_data_from_links - Found 2,913,955 rows
2023-07-30 17:02:58 +1000 - dagster - DEBUG - __ASSET_JOB - e8fa0585-b2a8-4ae5-af63-d5a6ba5ecb01 - collect_trip_data_from_links - Writing to s3://app-dev-apse2-tlc-dagster/trips/yellow_tripdata_2023-02.parquet
2023-07-30 17:03:27 +1000 - dagster - DEBUG - __ASSET_JOB - e8fa0585-b2a8-4ae5-af63-d5a6ba5ecb01 - collect_trip_data_from_links - Reading from https://d37ci6vzurychx.cloudfront.net/trip-data/yellow_tripdata_2023-03.parquet
2023-07-30 17:03:34 +1000 - dagster - INFO - __ASSET_JOB - e8fa0585-b2a8-4ae5-af63-d5a6ba5ecb01 - collect_trip_data_from_links - Found 3,403,766 rows
2023-07-30 17:03:34 +1000 - dagster - DEBUG - __ASSET_JOB - e8fa0585-b2a8-4ae5-af63-d5a6ba5ecb01 - collect_trip_data_from_links - Writing to s3://app-dev-apse2-tlc-dagster/trips/yellow_tripdata_2023-03.parquet
2023-07-30 17:04:10 +1000 - dagster - DEBUG - __ASSET_JOB - e8fa0585-b2a8-4ae5-af63-d5a6ba5ecb01 - collect_trip_data_from_links - Reading from https://d37ci6vzurychx.cloudfront.net/trip-data/yellow_tripdata_2023-04.parquet
2023-07-30 17:04:17 +1000 - dagster - INFO - __ASSET_JOB - e8fa0585-b2a8-4ae5-af63-d5a6ba5ecb01 - collect_trip_data_from_links - Found 3,288,250 rows
2023-07-30 17:04:17 +1000 - dagster - DEBUG - __ASSET_JOB - e8fa0585-b2a8-4ae5-af63-d5a6ba5ecb01 - collect_trip_data_from_links - Writing to s3://app-dev-apse2-tlc-dagster/trips/yellow_tripdata_2023-04.parquet
2023-07-30 17:04:51 +1000 - dagster - INFO - __ASSET_JOB - e8fa0585-b2a8-4ae5-af63-d5a6ba5ecb01 - collect_trip_data_from_links - Collecting data from green links
2023-07-30 17:04:51 +1000 - dagster - INFO - __ASSET_JOB - e8fa0585-b2a8-4ae5-af63-d5a6ba5ecb01 - collect_trip_data_from_links - Collecting data from fhvhv links
2023-07-30 17:04:51 +1000 - dagster - INFO - __ASSET_JOB - e8fa0585-b2a8-4ae5-af63-d5a6ba5ecb01 - collect_trip_data_from_links - Collecting data from fhv links
2023-07-30 17:04:51 +1000 - dagster - DEBUG - __ASSET_JOB - e8fa0585-b2a8-4ae5-af63-d5a6ba5ecb01 - 61823 - collect_trip_data_from_links - STEP_OUTPUT - Yielded output "result" of type "Any". (Type check passed).
2023-07-30 17:04:51 +1000 - dagster - DEBUG - __ASSET_JOB - e8fa0585-b2a8-4ae5-af63-d5a6ba5ecb01 - collect_trip_data_from_links - Writing file at: /Users/noel/Projects/Personal/Ingestion/tlc-dagster-s3/dagster/tmphq6axlrj/storage/collect_trip_data_from_links using PickledObjectFilesystemIOManager...
2023-07-30 17:04:52 +1000 - dagster - DEBUG - __ASSET_JOB - e8fa0585-b2a8-4ae5-af63-d5a6ba5ecb01 - 61823 - collect_trip_data_from_links - ASSET_MATERIALIZATION - Materialized value collect_trip_data_from_links.
2023-07-30 17:04:52 +1000 - dagster - DEBUG - __ASSET_JOB - e8fa0585-b2a8-4ae5-af63-d5a6ba5ecb01 - 61823 - collect_trip_data_from_links - HANDLED_OUTPUT - Handled output "result" using IO manager "io_manager"
2023-07-30 17:04:52 +1000 - dagster - DEBUG - __ASSET_JOB - e8fa0585-b2a8-4ae5-af63-d5a6ba5ecb01 - 61823 - collect_trip_data_from_links - STEP_SUCCESS - Finished execution of step "collect_trip_data_from_links" in 2m37s.
